d:\教材\图形学\direct3d\directx11-with-windows-sdk-master\direct3d11_tutorial\05_lightingandshading\lightandshading\lightandshading\debug\vc142.pdb
d:\教材\图形学\direct3d\directx11-with-windows-sdk-master\direct3d11_tutorial\05_lightingandshading\lightandshading\lightandshading\debug\vc142.idb
d:\教材\图形学\direct3d\directx11-with-windows-sdk-master\direct3d11_tutorial\05_lightingandshading\lightandshading\lightandshading\debug\vertex.obj
d:\教材\图形学\direct3d\directx11-with-windows-sdk-master\direct3d11_tutorial\05_lightingandshading\lightandshading\lightandshading\debug\mouse.obj
d:\教材\图形学\direct3d\directx11-with-windows-sdk-master\direct3d11_tutorial\05_lightingandshading\lightandshading\lightandshading\debug\main.obj
d:\教材\图形学\direct3d\directx11-with-windows-sdk-master\direct3d11_tutorial\05_lightingandshading\lightandshading\lightandshading\debug\keyboard.obj
d:\教材\图形学\direct3d\directx11-with-windows-sdk-master\direct3d11_tutorial\05_lightingandshading\lightandshading\lightandshading\debug\gamertimer.obj
d:\教材\图形学\direct3d\directx11-with-windows-sdk-master\direct3d11_tutorial\05_lightingandshading\lightandshading\lightandshading\debug\gameapp.obj
d:\教材\图形学\direct3d\directx11-with-windows-sdk-master\direct3d11_tutorial\05_lightingandshading\lightandshading\lightandshading\debug\dxtrace.obj
d:\教材\图形学\direct3d\directx11-with-windows-sdk-master\direct3d11_tutorial\05_lightingandshading\lightandshading\lightandshading\debug\d3dutil.obj
d:\教材\图形学\direct3d\directx11-with-windows-sdk-master\direct3d11_tutorial\05_lightingandshading\lightandshading\lightandshading\debug\d3dapp.obj
d:\教材\图形学\direct3d\directx11-with-windows-sdk-master\direct3d11_tutorial\05_lightingandshading\lightandshading\lightandshading\hlsl\vs_light.cso
d:\教材\图形学\direct3d\directx11-with-windows-sdk-master\direct3d11_tutorial\05_lightingandshading\lightandshading\lightandshading\hlsl\ps_light.cso
d:\教材\图形学\direct3d\directx11-with-windows-sdk-master\direct3d11_tutorial\05_lightingandshading\lightandshading\debug\lightandshading.exe
d:\教材\图形学\direct3d\directx11-with-windows-sdk-master\direct3d11_tutorial\05_lightingandshading\lightandshading\debug\lightandshading.ilk
d:\教材\图形学\direct3d\directx11-with-windows-sdk-master\direct3d11_tutorial\05_lightingandshading\lightandshading\debug\lightandshading.pdb
d:\教材\图形学\direct3d\directx11-with-windows-sdk-master\direct3d11_tutorial\05_lightingandshading\lightandshading\lightandshading\debug\lightandshading.tlog\cl.command.1.tlog
d:\教材\图形学\direct3d\directx11-with-windows-sdk-master\direct3d11_tutorial\05_lightingandshading\lightandshading\lightandshading\debug\lightandshading.tlog\cl.read.1.tlog
d:\教材\图形学\direct3d\directx11-with-windows-sdk-master\direct3d11_tutorial\05_lightingandshading\lightandshading\lightandshading\debug\lightandshading.tlog\cl.write.1.tlog
d:\教材\图形学\direct3d\directx11-with-windows-sdk-master\direct3d11_tutorial\05_lightingandshading\lightandshading\lightandshading\debug\lightandshading.tlog\fxc.command.1.tlog
d:\教材\图形学\direct3d\directx11-with-windows-sdk-master\direct3d11_tutorial\05_lightingandshading\lightandshading\lightandshading\debug\lightandshading.tlog\fxc.read.1.tlog
d:\教材\图形学\direct3d\directx11-with-windows-sdk-master\direct3d11_tutorial\05_lightingandshading\lightandshading\lightandshading\debug\lightandshading.tlog\fxc.write.1.tlog
d:\教材\图形学\direct3d\directx11-with-windows-sdk-master\direct3d11_tutorial\05_lightingandshading\lightandshading\lightandshading\debug\lightandshading.tlog\link.command.1.tlog
d:\教材\图形学\direct3d\directx11-with-windows-sdk-master\direct3d11_tutorial\05_lightingandshading\lightandshading\lightandshading\debug\lightandshading.tlog\link.read.1.tlog
d:\教材\图形学\direct3d\directx11-with-windows-sdk-master\direct3d11_tutorial\05_lightingandshading\lightandshading\lightandshading\debug\lightandshading.tlog\link.write.1.tlog
