d:\教材\图形学\direct3d\directx11-with-windows-sdk-master\exercise\rendertriangle\rendertriangle\rendertriangle\debug\vc142.pdb
d:\教材\图形学\direct3d\directx11-with-windows-sdk-master\exercise\rendertriangle\rendertriangle\rendertriangle\debug\vc142.idb
d:\教材\图形学\direct3d\directx11-with-windows-sdk-master\exercise\rendertriangle\rendertriangle\rendertriangle\debug\main.obj
d:\教材\图形学\direct3d\directx11-with-windows-sdk-master\exercise\rendertriangle\rendertriangle\rendertriangle\debug\gamertimer.obj
d:\教材\图形学\direct3d\directx11-with-windows-sdk-master\exercise\rendertriangle\rendertriangle\rendertriangle\debug\gameapp.obj
d:\教材\图形学\direct3d\directx11-with-windows-sdk-master\exercise\rendertriangle\rendertriangle\rendertriangle\debug\dxtrace.obj
d:\教材\图形学\direct3d\directx11-with-windows-sdk-master\exercise\rendertriangle\rendertriangle\rendertriangle\debug\d3dutil.obj
d:\教材\图形学\direct3d\directx11-with-windows-sdk-master\exercise\rendertriangle\rendertriangle\rendertriangle\debug\d3dapp.obj
d:\教材\图形学\direct3d\directx11-with-windows-sdk-master\exercise\rendertriangle\rendertriangle\rendertriangle\hlsl\triangle_ps.cso
d:\教材\图形学\direct3d\directx11-with-windows-sdk-master\exercise\rendertriangle\rendertriangle\rendertriangle\hlsl\triangle_vs.cso
d:\教材\图形学\direct3d\directx11-with-windows-sdk-master\exercise\rendertriangle\rendertriangle\debug\rendertriangle.pdb
d:\教材\图形学\direct3d\directx11-with-windows-sdk-master\exercise\rendertriangle\rendertriangle\debug\rendertriangle.exe
d:\教材\图形学\direct3d\directx11-with-windows-sdk-master\exercise\rendertriangle\rendertriangle\debug\rendertriangle.ilk
d:\教材\图形学\direct3d\directx11-with-windows-sdk-master\exercise\rendertriangle\rendertriangle\rendertriangle\debug\rendertriangle.tlog\cl.command.1.tlog
d:\教材\图形学\direct3d\directx11-with-windows-sdk-master\exercise\rendertriangle\rendertriangle\rendertriangle\debug\rendertriangle.tlog\cl.read.1.tlog
d:\教材\图形学\direct3d\directx11-with-windows-sdk-master\exercise\rendertriangle\rendertriangle\rendertriangle\debug\rendertriangle.tlog\cl.write.1.tlog
d:\教材\图形学\direct3d\directx11-with-windows-sdk-master\exercise\rendertriangle\rendertriangle\rendertriangle\debug\rendertriangle.tlog\fxc.command.1.tlog
d:\教材\图形学\direct3d\directx11-with-windows-sdk-master\exercise\rendertriangle\rendertriangle\rendertriangle\debug\rendertriangle.tlog\fxc.read.1.tlog
d:\教材\图形学\direct3d\directx11-with-windows-sdk-master\exercise\rendertriangle\rendertriangle\rendertriangle\debug\rendertriangle.tlog\fxc.write.1.tlog
d:\教材\图形学\direct3d\directx11-with-windows-sdk-master\exercise\rendertriangle\rendertriangle\rendertriangle\debug\rendertriangle.tlog\link.command.1.tlog
d:\教材\图形学\direct3d\directx11-with-windows-sdk-master\exercise\rendertriangle\rendertriangle\rendertriangle\debug\rendertriangle.tlog\link.read.1.tlog
d:\教材\图形学\direct3d\directx11-with-windows-sdk-master\exercise\rendertriangle\rendertriangle\rendertriangle\debug\rendertriangle.tlog\link.write.1.tlog
