  GameAPP.cpp
D:\教材\图形学\Direct3D\DirectX11master\Direct3D11_Tutorial\06_Direct2D and Direct3D interoperability\Direct2DAndDirect3DInteroperability\Direct2DAndDirect3DInteroperability\Geometry.h(106): warning C4348: “Geometry::CreateBox”: 重定义默认参数 : 参数 1
D:\教材\图形学\Direct3D\DirectX11master\Direct3D11_Tutorial\06_Direct2D and Direct3D interoperability\Direct2DAndDirect3DInteroperability\Direct2DAndDirect3DInteroperability\Geometry.h(38): message : 参见“Geometry::CreateBox”的声明
D:\教材\图形学\Direct3D\DirectX11master\Direct3D11_Tutorial\06_Direct2D and Direct3D interoperability\Direct2DAndDirect3DInteroperability\Direct2DAndDirect3DInteroperability\Geometry.h(106): warning C4348: “Geometry::CreateBox”: 重定义默认参数 : 参数 2
D:\教材\图形学\Direct3D\DirectX11master\Direct3D11_Tutorial\06_Direct2D and Direct3D interoperability\Direct2DAndDirect3DInteroperability\Direct2DAndDirect3DInteroperability\Geometry.h(38): message : 参见“Geometry::CreateBox”的声明
D:\教材\图形学\Direct3D\DirectX11master\Direct3D11_Tutorial\06_Direct2D and Direct3D interoperability\Direct2DAndDirect3DInteroperability\Direct2DAndDirect3DInteroperability\Geometry.h(218): warning C4348: “Geometry::CreateSphere”: 重定义默认参数 : 参数 1
D:\教材\图形学\Direct3D\DirectX11master\Direct3D11_Tutorial\06_Direct2D and Direct3D interoperability\Direct2DAndDirect3DInteroperability\Direct2DAndDirect3DInteroperability\Geometry.h(34): message : 参见“Geometry::CreateSphere”的声明
D:\教材\图形学\Direct3D\DirectX11master\Direct3D11_Tutorial\06_Direct2D and Direct3D interoperability\Direct2DAndDirect3DInteroperability\Direct2DAndDirect3DInteroperability\Geometry.h(218): warning C4348: “Geometry::CreateSphere”: 重定义默认参数 : 参数 2
D:\教材\图形学\Direct3D\DirectX11master\Direct3D11_Tutorial\06_Direct2D and Direct3D interoperability\Direct2DAndDirect3DInteroperability\Direct2DAndDirect3DInteroperability\Geometry.h(34): message : 参见“Geometry::CreateSphere”的声明
D:\教材\图形学\Direct3D\DirectX11master\Direct3D11_Tutorial\06_Direct2D and Direct3D interoperability\Direct2DAndDirect3DInteroperability\Direct2DAndDirect3DInteroperability\Geometry.h(324): warning C4348: “Geometry::CreateCylinderNoCap”: 重定义默认参数 : 参数 1
D:\教材\图形学\Direct3D\DirectX11master\Direct3D11_Tutorial\06_Direct2D and Direct3D interoperability\Direct2DAndDirect3DInteroperability\Direct2DAndDirect3DInteroperability\Geometry.h(47): message : 参见“Geometry::CreateCylinderNoCap”的声明
D:\教材\图形学\Direct3D\DirectX11master\Direct3D11_Tutorial\06_Direct2D and Direct3D interoperability\Direct2DAndDirect3DInteroperability\Direct2DAndDirect3DInteroperability\Geometry.h(324): warning C4348: “Geometry::CreateCylinderNoCap”: 重定义默认参数 : 参数 2
D:\教材\图形学\Direct3D\DirectX11master\Direct3D11_Tutorial\06_Direct2D and Direct3D interoperability\Direct2DAndDirect3DInteroperability\Direct2DAndDirect3DInteroperability\Geometry.h(47): message : 参见“Geometry::CreateCylinderNoCap”的声明
D:\教材\图形学\Direct3D\DirectX11master\Direct3D11_Tutorial\06_Direct2D and Direct3D interoperability\Direct2DAndDirect3DInteroperability\Direct2DAndDirect3DInteroperability\Geometry.h(380): warning C4348: “Geometry::CreateCylinder”: 重定义默认参数 : 参数 1
D:\教材\图形学\Direct3D\DirectX11master\Direct3D11_Tutorial\06_Direct2D and Direct3D interoperability\Direct2DAndDirect3DInteroperability\Direct2DAndDirect3DInteroperability\Geometry.h(42): message : 参见“Geometry::CreateCylinder”的声明
D:\教材\图形学\Direct3D\DirectX11master\Direct3D11_Tutorial\06_Direct2D and Direct3D interoperability\Direct2DAndDirect3DInteroperability\Direct2DAndDirect3DInteroperability\Geometry.h(380): warning C4348: “Geometry::CreateCylinder”: 重定义默认参数 : 参数 2
D:\教材\图形学\Direct3D\DirectX11master\Direct3D11_Tutorial\06_Direct2D and Direct3D interoperability\Direct2DAndDirect3DInteroperability\Direct2DAndDirect3DInteroperability\Geometry.h(42): message : 参见“Geometry::CreateCylinder”的声明
D:\教材\图形学\Direct3D\DirectX11master\Direct3D11_Tutorial\06_Direct2D and Direct3D interoperability\Direct2DAndDirect3DInteroperability\Direct2DAndDirect3DInteroperability\Geometry.h(452): warning C4348: “Geometry::CreateConeNoCap”: 重定义默认参数 : 参数 1
D:\教材\图形学\Direct3D\DirectX11master\Direct3D11_Tutorial\06_Direct2D and Direct3D interoperability\Direct2DAndDirect3DInteroperability\Direct2DAndDirect3DInteroperability\Geometry.h(56): message : 参见“Geometry::CreateConeNoCap”的声明
D:\教材\图形学\Direct3D\DirectX11master\Direct3D11_Tutorial\06_Direct2D and Direct3D interoperability\Direct2DAndDirect3DInteroperability\Direct2DAndDirect3DInteroperability\Geometry.h(452): warning C4348: “Geometry::CreateConeNoCap”: 重定义默认参数 : 参数 2
D:\教材\图形学\Direct3D\DirectX11master\Direct3D11_Tutorial\06_Direct2D and Direct3D interoperability\Direct2DAndDirect3DInteroperability\Direct2DAndDirect3DInteroperability\Geometry.h(56): message : 参见“Geometry::CreateConeNoCap”的声明
D:\教材\图形学\Direct3D\DirectX11master\Direct3D11_Tutorial\06_Direct2D and Direct3D interoperability\Direct2DAndDirect3DInteroperability\Direct2DAndDirect3DInteroperability\Geometry.h(501): warning C4348: “Geometry::CreateCone”: 重定义默认参数 : 参数 1
D:\教材\图形学\Direct3D\DirectX11master\Direct3D11_Tutorial\06_Direct2D and Direct3D interoperability\Direct2DAndDirect3DInteroperability\Direct2DAndDirect3DInteroperability\Geometry.h(52): message : 参见“Geometry::CreateCone”的声明
D:\教材\图形学\Direct3D\DirectX11master\Direct3D11_Tutorial\06_Direct2D and Direct3D interoperability\Direct2DAndDirect3DInteroperability\Direct2DAndDirect3DInteroperability\Geometry.h(501): warning C4348: “Geometry::CreateCone”: 重定义默认参数 : 参数 2
D:\教材\图形学\Direct3D\DirectX11master\Direct3D11_Tutorial\06_Direct2D and Direct3D interoperability\Direct2DAndDirect3DInteroperability\Direct2DAndDirect3DInteroperability\Geometry.h(52): message : 参见“Geometry::CreateCone”的声明
  Direct2DAndDirect3DInteroperability.vcxproj -> D:\教材\图形学\Direct3D\DirectX11master\Direct3D11_Tutorial\06_Direct2D and Direct3D interoperability\Direct2DAndDirect3DInteroperability\Debug\Direct2DAndDirect3DInteroperability.exe
