d:\教材\图形学\direct3d\directx11-with-windows-sdk-master\direct3d11_tutorial\04_mouseandkeyboard\rendercube\debug\vc142.pdb
d:\教材\图形学\direct3d\directx11-with-windows-sdk-master\direct3d11_tutorial\04_mouseandkeyboard\rendercube\debug\vc142.idb
d:\教材\图形学\direct3d\directx11-with-windows-sdk-master\direct3d11_tutorial\04_mouseandkeyboard\rendercube\debug\mouse.obj
d:\教材\图形学\direct3d\directx11-with-windows-sdk-master\direct3d11_tutorial\04_mouseandkeyboard\rendercube\debug\main.obj
d:\教材\图形学\direct3d\directx11-with-windows-sdk-master\direct3d11_tutorial\04_mouseandkeyboard\rendercube\debug\keyboard.obj
d:\教材\图形学\direct3d\directx11-with-windows-sdk-master\direct3d11_tutorial\04_mouseandkeyboard\rendercube\debug\gamertimer.obj
d:\教材\图形学\direct3d\directx11-with-windows-sdk-master\direct3d11_tutorial\04_mouseandkeyboard\rendercube\debug\gameapp.obj
d:\教材\图形学\direct3d\directx11-with-windows-sdk-master\direct3d11_tutorial\04_mouseandkeyboard\rendercube\debug\dxtrace.obj
d:\教材\图形学\direct3d\directx11-with-windows-sdk-master\direct3d11_tutorial\04_mouseandkeyboard\rendercube\debug\d3dutil.obj
d:\教材\图形学\direct3d\directx11-with-windows-sdk-master\direct3d11_tutorial\04_mouseandkeyboard\rendercube\debug\d3dapp.obj
d:\教材\图形学\direct3d\directx11-with-windows-sdk-master\direct3d11_tutorial\04_mouseandkeyboard\rendercube\hlsl\cube_ps.cso
d:\教材\图形学\direct3d\directx11-with-windows-sdk-master\direct3d11_tutorial\04_mouseandkeyboard\rendercube\hlsl\cube_vs.cso
d:\教材\图形学\direct3d\directx11-with-windows-sdk-master\direct3d11_tutorial\04_mouseandkeyboard\debug\rendercube.exe
d:\教材\图形学\direct3d\directx11-with-windows-sdk-master\direct3d11_tutorial\04_mouseandkeyboard\debug\rendercube.ilk
d:\教材\图形学\direct3d\directx11-with-windows-sdk-master\direct3d11_tutorial\04_mouseandkeyboard\debug\rendercube.pdb
d:\教材\图形学\direct3d\directx11-with-windows-sdk-master\direct3d11_tutorial\04_mouseandkeyboard\rendercube\debug\rendercube.tlog\cl.command.1.tlog
d:\教材\图形学\direct3d\directx11-with-windows-sdk-master\direct3d11_tutorial\04_mouseandkeyboard\rendercube\debug\rendercube.tlog\cl.read.1.tlog
d:\教材\图形学\direct3d\directx11-with-windows-sdk-master\direct3d11_tutorial\04_mouseandkeyboard\rendercube\debug\rendercube.tlog\cl.write.1.tlog
d:\教材\图形学\direct3d\directx11-with-windows-sdk-master\direct3d11_tutorial\04_mouseandkeyboard\rendercube\debug\rendercube.tlog\fxc.command.1.tlog
d:\教材\图形学\direct3d\directx11-with-windows-sdk-master\direct3d11_tutorial\04_mouseandkeyboard\rendercube\debug\rendercube.tlog\fxc.read.1.tlog
d:\教材\图形学\direct3d\directx11-with-windows-sdk-master\direct3d11_tutorial\04_mouseandkeyboard\rendercube\debug\rendercube.tlog\fxc.write.1.tlog
d:\教材\图形学\direct3d\directx11-with-windows-sdk-master\direct3d11_tutorial\04_mouseandkeyboard\rendercube\debug\rendercube.tlog\link.command.1.tlog
d:\教材\图形学\direct3d\directx11-with-windows-sdk-master\direct3d11_tutorial\04_mouseandkeyboard\rendercube\debug\rendercube.tlog\link.read.1.tlog
d:\教材\图形学\direct3d\directx11-with-windows-sdk-master\direct3d11_tutorial\04_mouseandkeyboard\rendercube\debug\rendercube.tlog\link.write.1.tlog
