d:\教材\图形学\direct3d\directx11master\direct3d11_tutorial\08_camera\camera\camera\debug\vc142.pdb
d:\教材\图形学\direct3d\directx11master\direct3d11_tutorial\08_camera\camera\camera\debug\vc142.idb
d:\教材\图形学\direct3d\directx11master\direct3d11_tutorial\08_camera\camera\camera\debug\wictextureloader.obj
d:\教材\图形学\direct3d\directx11master\direct3d11_tutorial\08_camera\camera\camera\debug\mouse.obj
d:\教材\图形学\direct3d\directx11master\direct3d11_tutorial\08_camera\camera\camera\debug\keyboard.obj
d:\教材\图形学\direct3d\directx11master\direct3d11_tutorial\08_camera\camera\camera\debug\gamertimer.obj
d:\教材\图形学\direct3d\directx11master\direct3d11_tutorial\08_camera\camera\camera\debug\dxtrace.obj
d:\教材\图形学\direct3d\directx11master\direct3d11_tutorial\08_camera\camera\camera\debug\ddstextureloader.obj
d:\教材\图形学\direct3d\directx11master\direct3d11_tutorial\08_camera\camera\camera\debug\d3dutil.obj
d:\教材\图形学\direct3d\directx11master\direct3d11_tutorial\08_camera\camera\camera\debug\d3dapp.obj
d:\教材\图形学\direct3d\directx11master\direct3d11_tutorial\08_camera\camera\camera\debug\transform.obj
d:\教材\图形学\direct3d\directx11master\direct3d11_tutorial\08_camera\camera\camera\debug\main.obj
d:\教材\图形学\direct3d\directx11master\direct3d11_tutorial\08_camera\camera\camera\debug\camera.obj
d:\教材\图形学\direct3d\directx11master\direct3d11_tutorial\08_camera\camera\camera\debug\gameapp.obj
d:\教材\图形学\direct3d\directx11master\direct3d11_tutorial\08_camera\camera\camera\debug\vertex.obj
d:\教材\图形学\direct3d\directx11master\direct3d11_tutorial\08_camera\camera\camera\hlsl\ps_2d.cso
d:\教材\图形学\direct3d\directx11master\direct3d11_tutorial\08_camera\camera\camera\hlsl\ps_3d.cso
d:\教材\图形学\direct3d\directx11master\direct3d11_tutorial\08_camera\camera\camera\hlsl\vs_2d.cso
d:\教材\图形学\direct3d\directx11master\direct3d11_tutorial\08_camera\camera\camera\hlsl\vs_3d.cso
d:\教材\图形学\direct3d\directx11master\direct3d11_tutorial\08_camera\camera\debug\camera.exe
d:\教材\图形学\direct3d\directx11master\direct3d11_tutorial\08_camera\camera\debug\camera.ilk
d:\教材\图形学\direct3d\directx11master\direct3d11_tutorial\08_camera\camera\debug\camera.pdb
d:\教材\图形学\direct3d\directx11master\direct3d11_tutorial\08_camera\camera\camera\debug\camera.tlog\cl.command.1.tlog
d:\教材\图形学\direct3d\directx11master\direct3d11_tutorial\08_camera\camera\camera\debug\camera.tlog\cl.read.1.tlog
d:\教材\图形学\direct3d\directx11master\direct3d11_tutorial\08_camera\camera\camera\debug\camera.tlog\cl.write.1.tlog
d:\教材\图形学\direct3d\directx11master\direct3d11_tutorial\08_camera\camera\camera\debug\camera.tlog\fxc.command.1.tlog
d:\教材\图形学\direct3d\directx11master\direct3d11_tutorial\08_camera\camera\camera\debug\camera.tlog\fxc.read.1.tlog
d:\教材\图形学\direct3d\directx11master\direct3d11_tutorial\08_camera\camera\camera\debug\camera.tlog\fxc.write.1.tlog
d:\教材\图形学\direct3d\directx11master\direct3d11_tutorial\08_camera\camera\camera\debug\camera.tlog\link.command.1.tlog
d:\教材\图形学\direct3d\directx11master\direct3d11_tutorial\08_camera\camera\camera\debug\camera.tlog\link.read.1.tlog
d:\教材\图形学\direct3d\directx11master\direct3d11_tutorial\08_camera\camera\camera\debug\camera.tlog\link.write.1.tlog
